Unit Tests	Run unit tests	2026-01-10T19:02:46.4973886Z    Failed: 0
Unit Tests	Run unit tests	2026-01-10T19:02:47.2952656Z ðŸ“Š Test Results: 13 passed, 0 failed
Unit Tests	Run unit tests	2026-01-10T19:02:47.6699732Z Test 1: isTransientError detection
Unit Tests	Run unit tests	2026-01-10T19:02:47.6701647Z âœ… Correctly identified transient error: Network timeout
Unit Tests	Run unit tests	2026-01-10T19:02:47.6702623Z âœ… Correctly identified transient error: Rate limit exceeded
Unit Tests	Run unit tests	2026-01-10T19:02:47.6703679Z âœ… Correctly identified transient error: 500 Internal Server Error
Unit Tests	Run unit tests	2026-01-10T19:02:47.6704691Z âœ… Correctly identified transient error: 502 Bad Gateway
Unit Tests	Run unit tests	2026-01-10T19:02:47.6705946Z âœ… Correctly identified transient error: ECONNRESET
Unit Tests	Run unit tests	2026-01-10T19:02:47.6710254Z Attempt 1/3 failed: Network timeout. Retrying in 10ms...
Unit Tests	Run unit tests	2026-01-10T19:02:47.6711254Z âœ… Correctly identified non-transient error: Invalid API key
Unit Tests	Run unit tests	2026-01-10T19:02:47.6712231Z âœ… Correctly identified non-transient error: 404 Not Found
Unit Tests	Run unit tests	2026-01-10T19:02:47.6713205Z âœ… Correctly identified non-transient error: Permission denied
Unit Tests	Run unit tests	2026-01-10T19:02:47.6715293Z Test 3: Retry on transient error and eventual success
Unit Tests	Run unit tests	2026-01-10T19:02:47.6822204Z Attempt 2/3 failed: Network timeout. Retrying in 20ms...
Unit Tests	Run unit tests	2026-01-10T19:02:47.7026787Z Test 4: Non-transient error stops retries immediately
Unit Tests	Run unit tests	2026-01-10T19:02:47.7028241Z âœ… Non-transient error stopped retries immediately
Unit Tests	Run unit tests	2026-01-10T19:02:47.7030790Z Attempt 1/3 failed: Rate limit exceeded. Retrying in 10ms...
Unit Tests	Run unit tests	2026-01-10T19:02:47.7134299Z Attempt 2/3 failed: Rate limit exceeded. Retrying in 20ms...
Unit Tests	Run unit tests	2026-01-10T19:02:47.7336842Z âœ… Max attempts reached and error thrown
Unit Tests	Run unit tests	2026-01-10T19:02:47.7338839Z Test Results: 12 passed, 0 failed
Unit Tests	Run unit tests	2026-01-10T19:02:48.1374888Z Test 6: Register error callback
Unit Tests	Run unit tests	2026-01-10T19:02:48.1375758Z âœ… Error callback registered (not triggered in test)
Unit Tests	Run unit tests	2026-01-10T19:02:48.1380558Z Test Results: 8 passed, 0 failed
Unit Tests	Run unit tests	2026-01-10T19:02:49.3984238Z [Binance] Exchange Error: Service unavailable from a restricted location according to 'b. Eligibility' in https://www.binance.com/en/terms. Please contact customer service if you believe you received this message in error.
Unit Tests	Run unit tests	2026-01-10T19:02:49.4068583Z [Binance] Failed to initialize: ExchangeError: Service unavailable from a restricted location according to 'b. Eligibility' in https://www.binance.com/en/terms. Please contact customer service if you believe you received this message in error.
Unit Tests	Run unit tests	2026-01-10T19:02:49.4071012Z     at BinanceExchange.handleBinanceError (/home/runner/work/btc/btc/src/exchanges/binance/BinanceExchange.ts:176:11)
Unit Tests	Run unit tests	2026-01-10T19:02:49.4088056Z    Error: Service unavailable from a restricted location according to 'b. Eligibility' in https://www.binance.com/en/terms. Please contact customer service if you believe you received this message in error.
Unit Tests	Run unit tests	2026-01-10T19:02:49.4090174Z    Error: Binance exchange is not initialized. Call initialize() first.
Unit Tests	Run unit tests	2026-01-10T19:02:49.4091593Z    Error: Binance exchange is not initialized. Call initialize() first.
Unit Tests	Run unit tests	2026-01-10T19:02:49.4092981Z    Error: Binance exchange is not initialized. Call initialize() first.
Unit Tests	Run unit tests	2026-01-10T19:02:49.4094279Z    Error: Binance exchange is not initialized. Call initialize() first.
Unit Tests	Run unit tests	2026-01-10T19:02:49.4095624Z    Error: Binance exchange is not initialized. Call initialize() first.
Unit Tests	Run unit tests	2026-01-10T19:02:49.4097195Z    Error: Binance exchange is not initialized. Call initialize() first.
Unit Tests	Run unit tests	2026-01-10T19:02:49.4098578Z    Error: Binance exchange is not initialized. Call initialize() first.
Unit Tests	Run unit tests	2026-01-10T19:02:50.2781818Z [Binance] Error: Unexpected end of JSON input
Unit Tests	Run unit tests	2026-01-10T19:02:50.2785600Z [Binance] Failed to initialize: ExchangeError: Unexpected end of JSON input
Unit Tests	Run unit tests	2026-01-10T19:02:50.2787037Z     at BinanceExchange.handleError (/home/runner/work/btc/btc/src/exchanges/BaseExchange.ts:116:13)
Unit Tests	Run unit tests	2026-01-10T19:02:50.2795255Z    Error: Unexpected end of JSON input
Unit Tests	Run unit tests	2026-01-10T19:02:50.2796031Z    Error: Binance exchange is not initialized. Call initialize() first.
Unit Tests	Run unit tests	2026-01-10T19:02:50.5034258Z [Bybit] Error: Unexpected token '<', "<!DOCTYPE "... is not valid JSON
Unit Tests	Run unit tests	2026-01-10T19:02:50.5043639Z [Bybit] Failed to initialize: ExchangeError: Unexpected token '<', "<!DOCTYPE "... is not valid JSON
Unit Tests	Run unit tests	2026-01-10T19:02:50.5044463Z     at BybitExchange.handleError (/home/runner/work/btc/btc/src/exchanges/BaseExchange.ts:116:13)
Unit Tests	Run unit tests	2026-01-10T19:02:50.5052281Z    Error: Unexpected token '<', "<!DOCTYPE "... is not valid JSON
Unit Tests	Run unit tests	2026-01-10T19:02:50.5053339Z    Error: Bybit exchange is not initialized. Call initialize() first.
Unit Tests	Run unit tests	2026-01-10T19:02:50.5054169Z    Error: Bybit exchange is not initialized. Call initialize() first.
Unit Tests	Run unit tests	2026-01-10T19:02:50.5055087Z    Error: Bybit exchange is not initialized. Call initialize() first.
Unit Tests	Run unit tests	2026-01-10T19:02:50.5972303Z [Bybit] Error: Unexpected token '<', "<!DOCTYPE "... is not valid JSON
Unit Tests	Run unit tests	2026-01-10T19:02:50.5973824Z    Error: Unexpected token '<', "<!DOCTYPE "... is not valid JSON
Unit Tests	Run unit tests	2026-01-10T19:02:50.6236967Z [Binance] Exchange Error: Service unavailable from a restricted location according to 'b. Eligibility' in https://www.binance.com/en/terms. Please contact customer service if you believe you received this message in error.
Unit Tests	Run unit tests	2026-01-10T19:02:50.6243089Z [Binance] Failed to initialize: ExchangeError: Service unavailable from a restricted location according to 'b. Eligibility' in https://www.binance.com/en/terms. Please contact customer service if you believe you received this message in error.
Unit Tests	Run unit tests	2026-01-10T19:02:50.6245041Z     at BinanceExchange.handleBinanceError (/home/runner/work/btc/btc/src/exchanges/binance/BinanceExchange.ts:176:11)
Unit Tests	Run unit tests	2026-01-10T19:02:50.6254887Z    Error: Service unavailable from a restricted location according to 'b. Eligibility' in https://www.binance.com/en/terms. Please contact customer service if you believe you received this message in error.
Unit Tests	Run unit tests	2026-01-10T19:02:50.6256603Z    Error: Binance not initialized
Unit Tests	Run unit tests	2026-01-10T19:02:50.6257244Z [binance:spot] Failed to get ticker for BTCUSDT: ExchangeError: Binance exchange is not initialized. Call initialize() first.
Unit Tests	Run unit tests	2026-01-10T19:02:50.6270165Z [bybit:spot] Failed to get ticker for BTCUSDT: ExchangeError: Bybit exchange is not initialized. Call initialize() first.
Unit Tests	Run unit tests	2026-01-10T19:02:50.6279973Z    Error: No prices returned
Unit Tests	Run unit tests	2026-01-10T19:02:50.6281013Z [binance:spot] Failed to get ticker for BTCUSDT: ExchangeError: Binance exchange is not initialized. Call initialize() first.
Unit Tests	Run unit tests	2026-01-10T19:02:50.6292926Z [bybit:spot] Failed to get ticker for BTCUSDT: ExchangeError: Bybit exchange is not initialized. Call initialize() first.
Unit Tests	Run unit tests	2026-01-10T19:02:50.6304109Z    Error: No best price found
Unit Tests	Run unit tests	2026-01-10T19:02:50.6304748Z [binance:spot] Failed to get ticker for BTCUSDT: ExchangeError: Binance exchange is not initialized. Call initialize() first.
Unit Tests	Run unit tests	2026-01-10T19:02:50.6313493Z [bybit:spot] Failed to get ticker for BTCUSDT: ExchangeError: Bybit exchange is not initialized. Call initialize() first.
Unit Tests	Run unit tests	2026-01-10T19:02:50.6325368Z    Error: No best price found
Unit Tests	Run unit tests	2026-01-10T19:02:50.6329102Z ðŸ“Š Test Results: 11 passed, 20 failed
Unit Tests	Run unit tests	2026-01-10T19:02:50.6480847Z ##[error]Process completed with exit code 1.
Integration Tests	Run database tests	2026-01-10T19:03:07.2346424Z PostgreSQL: 8 passed, 0 failed
Integration Tests	Run database tests	2026-01-10T19:03:07.2346903Z Redis: 9 passed, 0 failed
Integration Tests	Run database tests	2026-01-10T19:03:07.2347361Z Total: 17 passed, 0 failed
Integration Tests	Run dashboard tests	2026-01-10T19:03:07.6610405Z    âŒ Failed: 0
Integration Tests	Run notifications tests	2026-01-10T19:03:08.5764065Z   failed: 0
Integration Tests	Run notifications tests	2026-01-10T19:03:08.5847938Z    Failed: 0
Build	Build project	2026-01-10T19:02:47.2263645Z ##[error]src/analyzers/screening/stage3/PortfolioBuilder.ts(88,23): error TS2345: Argument of type 'ScoredProject | undefined' is not assignable to parameter of type 'ScoredProject'.
Build	Build project	2026-01-10T19:02:47.2276908Z ##[error]src/analyzers/screening/stage3/PortfolioBuilder.ts(167,18): error TS2345: Argument of type 'string | undefined' is not assignable to parameter of type 'string'.
Build	Build project	2026-01-10T19:02:47.2280953Z ##[error]src/analyzers/screening/stage3/PortfolioBuilder.ts(202,7): error TS2322: Type 'string | undefined' is not assignable to type 'string'.
Build	Build project	2026-01-10T19:02:47.2284853Z ##[error]src/analyzers/screening/stage3/PortfolioBuilder.ts(205,5): error TS2322: Type 'string | undefined' is not assignable to type 'string'.
Build	Build project	2026-01-10T19:02:47.2289600Z ##[error]src/database/integram/AnalyticsRepository.ts(8,3): error TS6196: 'ANALYTICS_TYPES' is declared but never used.
Build	Build project	2026-01-10T19:02:47.2292561Z ##[error]src/database/integram/AnalyticsRepository.ts(11,3): error TS6196: 'IntegramStrategyPerformance' is declared but never used.
Build	Build project	2026-01-10T19:02:47.2295573Z ##[error]src/database/integram/AnalyticsRepository.ts(12,3): error TS6196: 'IntegramAssetPerformance' is declared but never used.
Build	Build project	2026-01-10T19:02:47.2299108Z ##[error]src/database/integram/AnalyticsRepository.ts(14,3): error TS6196: 'IntegramEquityCurvePoint' is declared but never used.
Build	Build project	2026-01-10T19:02:47.2302147Z ##[error]src/database/integram/AnalyticsRepository.ts(15,3): error TS6196: 'IntegramDrawdownPeriod' is declared but never used.
Build	Build project	2026-01-10T19:02:47.2304945Z ##[error]src/database/integram/AnalyticsRepository.ts(16,3): error TS6196: 'IntegramStrategy' is declared but never used.
Build	Build project	2026-01-10T19:02:47.2307780Z ##[error]src/database/integram/AnalyticsRepository.ts(17,3): error TS6196: 'IntegramAsset' is declared but never used.
Build	Build project	2026-01-10T19:02:47.2310586Z ##[error]src/database/integram/ScreeningAnalytics.ts(12,3): error TS6196: 'IntegramScreeningReport' is declared but never used.
Build	Build project	2026-01-10T19:02:47.2313683Z ##[error]src/database/integram/ScreeningAnalytics.ts(13,3): error TS6196: 'IntegramScreeningRecommendation' is declared but never used.
Build	Build project	2026-01-10T19:02:47.2316881Z ##[error]src/database/integram/ScreeningAnalytics.ts(70,57): error TS2551: Property 'getCoinDetails' does not exist on type 'CoinGeckoClient'. Did you mean 'getCoinDetail'?
Build	Build project	2026-01-10T19:02:47.2319146Z ##[error]src/database/integram/ScreeningRepository.ts(17,3): error TS6196: 'SCREENING_TYPES' is declared but never used.
Build	Build project	2026-01-10T19:02:47.2321178Z ##[error]src/database/integram/ScreeningRepository.ts(87,49): error TS18048: 'latestReport' is possibly 'undefined'.
Build	Build project	2026-01-10T19:02:47.2322591Z ##[error]src/database/integram/ScreeningSync.ts(16,17): error TS2503: Cannot find namespace 'cron'.
Build	Build project	2026-01-10T19:02:47.2324385Z ##[error]src/database/integram/ScreeningSync.ts(84,55): error TS2551: Property 'getCoinDetails' does not exist on type 'CoinGeckoClient'. Did you mean 'getCoinDetail'?
Build	Build project	2026-01-10T19:02:47.2325999Z ##[error]src/database/integram/screening-types.ts(9,3): error TS6196: 'SectorMetrics' is declared but never used.
Build	Build project	2026-01-10T19:02:47.2327757Z ##[error]src/database/integram/screening-types.ts(10,3): error TS6196: 'ScreeningReport' is declared but never used.
Build	Build project	2026-01-10T19:02:47.2329506Z ##[error]src/monitoring/AlertManager.ts(156,33): error TS2339: Property 'SYSTEM_ERROR' does not exist on type 'typeof NotificationType'.
Build	Build project	2026-01-10T19:02:47.2331598Z ##[error]src/monitoring/AlertManager.ts(158,33): error TS2339: Property 'SYSTEM_WARNING' does not exist on type 'typeof NotificationType'.
Build	Build project	2026-01-10T19:02:47.2333305Z ##[error]src/monitoring/AlertManager.ts(161,33): error TS2339: Property 'SYSTEM_INFO' does not exist on type 'typeof NotificationType'.
Build	Build project	2026-01-10T19:02:47.2334934Z ##[error]src/monitoring/HealthMonitoringService.ts(10,3): error TS6133: 'IHealthMonitor' is declared but its value is never read.
Build	Build project	2026-01-10T19:02:47.2336541Z ##[error]src/monitoring/monitors/SystemHealthMonitor.ts(7,1): error TS6133: 'fs' is declared but its value is never read.
Build	Build project	2026-01-10T19:02:47.2338390Z ##[error]src/monitoring/monitors/SystemHealthMonitor.ts(301,11): error TS2532: Object is possibly 'undefined'.
Build	Build project	2026-01-10T19:02:47.2339937Z ##[error]src/monitoring/monitors/SystemHealthMonitor.ts(301,39): error TS2532: Object is possibly 'undefined'.
Build	Build project	2026-01-10T19:02:47.2341591Z ##[error]src/monitoring/recovery/AutoRecoveryManager.ts(7,1): error TS6133: 'CircuitBreaker' is declared but its value is never read.
Build	Build project	2026-01-10T19:02:47.2647753Z ##[error]Process completed with exit code 1.
Lint & Type Check	Run ESLint	2026-01-10T19:02:50.5633580Z ##[error]   38:3   error  Async method 'calculateReturns' has no 'await' expression             @typescript-eslint/require-await
